Hmm ... looks like a package

This is pdfTeX, Version 3.14159265-2.6-1.40.15 (TeX Live 2014) (preloaded format=pdflatex)
 restricted \write18 enabled.
entering extended mode

(/private/var/folders/bk/06mynftj18j7pqczhtp5xt3m0000gn/T/RtmpMrQpf1/Rd2pdf5626
b88ffef/Rd2.tex
LaTeX2e <2014/05/01>
Babel <3.9k> and hyphenation patterns for 78 languages loaded.

(/usr/local/texlive/2014/texmf-dist/tex/latex/base/book.cls
Document Class: book 2007/10/19 v1.4h Standard LaTeX document class
(/usr/local/texlive/2014/texmf-dist/tex/latex/base/bk10.clo))
(/Library/Frameworks/R.framework/Resources/share/texmf/tex/latex/Rd.sty
(/usr/local/texlive/2014/texmf-dist/tex/latex/base/ifthen.sty)
(/usr/local/texlive/2014/texmf-dist/tex/latex/tools/longtable.sty)
(/usr/local/texlive/2014/texmf-dist/tex/latex/tools/bm.sty)
(/usr/local/texlive/2014/texmf-dist/tex/latex/base/alltt.sty)
(/usr/local/texlive/2014/texmf-dist/tex/latex/tools/verbatim.sty)
(/usr/local/texlive/2014/texmf-dist/tex/latex/url/url.sty)
(/usr/local/texlive/2014/texmf-dist/tex/latex/base/textcomp.sty
(/usr/local/texlive/2014/texmf-dist/tex/latex/base/ts1enc.def))
(/usr/local/texlive/2014/texmf-dist/tex/latex/base/fontenc.sty
(/usr/local/texlive/2014/texmf-dist/tex/latex/base/t1enc.def))
(/usr/local/texlive/2014/texmf-dist/tex/latex/psnfss/times.sty)
(/usr/local/texlive/2014/texmf-dist/tex/latex/inconsolata/zi4.sty
(/usr/local/texlive/2014/texmf-dist/tex/latex/graphics/keyval.sty))
(/usr/local/texlive/2014/texmf-dist/tex/latex/graphics/color.sty
(/usr/local/texlive/2014/texmf-dist/tex/latex/latexconfig/color.cfg)
(/usr/local/texlive/2014/texmf-dist/tex/latex/pdftex-def/pdftex.def
(/usr/local/texlive/2014/texmf-dist/tex/generic/oberdiek/infwarerr.sty)
(/usr/local/texlive/2014/texmf-dist/tex/generic/oberdiek/ltxcmds.sty)))
(/usr/local/texlive/2014/texmf-dist/tex/latex/hyperref/hyperref.sty
(/usr/local/texlive/2014/texmf-dist/tex/generic/oberdiek/hobsub-hyperref.sty
(/usr/local/texlive/2014/texmf-dist/tex/generic/oberdiek/hobsub-generic.sty))
(/usr/local/texlive/2014/texmf-dist/tex/generic/ifxetex/ifxetex.sty)
(/usr/local/texlive/2014/texmf-dist/tex/latex/oberdiek/auxhook.sty)
(/usr/local/texlive/2014/texmf-dist/tex/latex/oberdiek/kvoptions.sty)
(/usr/local/texlive/2014/texmf-dist/tex/latex/hyperref/pd1enc.def)
(/usr/local/texlive/2014/texmf-dist/tex/latex/latexconfig/hyperref.cfg))

Package hyperref Message: Driver (autodetected): hpdftex.

(/usr/local/texlive/2014/texmf-dist/tex/latex/hyperref/hpdftex.def
(/usr/local/texlive/2014/texmf-dist/tex/latex/oberdiek/rerunfilecheck.sty))

Package hyperref Warning: Option `hyperindex' has already been used,
(hyperref)                setting the option has no effect on input line 366.


Package hyperref Warning: Option `pagebackref' has already been used,
(hyperref)                setting the option has no effect on input line 366.

) (/usr/local/texlive/2014/texmf-dist/tex/latex/base/makeidx.sty)
(/usr/local/texlive/2014/texmf-dist/tex/latex/base/inputenc.sty
(/usr/local/texlive/2014/texmf-dist/tex/latex/base/latin1.def))
Writing index file Rd2.idx
No file Rd2.aux.
(/usr/local/texlive/2014/texmf-dist/tex/latex/base/ts1cmr.fd)
(/usr/local/texlive/2014/texmf-dist/tex/latex/psnfss/t1ptm.fd)
(/usr/local/texlive/2014/texmf-dist/tex/context/base/supp-pdf.mkii
[Loading MPS to PDF converter (version 2006.09.02).]
) (/usr/local/texlive/2014/texmf-dist/tex/latex/hyperref/nameref.sty
(/usr/local/texlive/2014/texmf-dist/tex/generic/oberdiek/gettitlestring.sty))
(/usr/local/texlive/2014/texmf-dist/tex/latex/inconsolata/t1zi4.fd)
(/usr/local/texlive/2014/texmf-dist/tex/latex/psnfss/t1phv.fd)
No file Rd2.ind.
[1{/usr/local/texlive/2014/texmf-var/fonts/map/pdftex/updmap/pdftex.map}]
(./Rd2.aux)

Package rerunfilecheck Warning: File `Rd2.out' has changed.
(rerunfilecheck)                Rerun to get outlines right
(rerunfilecheck)                or use package `bookmark'.

 ){/usr/local/texlive/2014/texmf-dist/fonts/enc/dvips/base/8r.enc}{/usr/local/t
exlive/2014/texmf-dist/fonts/enc/dvips/inconsolata/i4-t1-0.enc}</usr/local/texl
ive/2014/texmf-dist/fonts/type1/public/inconsolata/Inconsolata-zi4r.pfb></usr/l
ocal/texlive/2014/texmf-dist/fonts/type1/urw/helvetic/uhvr8a.pfb></usr/local/te
xlive/2014/texmf-dist/fonts/type1/urw/times/utmb8a.pfb></usr/local/texlive/2014
/texmf-dist/fonts/type1/urw/times/utmr8a.pfb>
Output written on Rd2.pdf (1 page, 34895 bytes).
Transcript written on Rd2.log.
This is pdfTeX, Version 3.14159265-2.6-1.40.15 (TeX Live 2014) (preloaded format=pdflatex)
 restricted \write18 enabled.
entering extended mode

(/private/var/folders/bk/06mynftj18j7pqczhtp5xt3m0000gn/T/RtmpMrQpf1/Rd2pdf5626
b88ffef/Rd2.tex
LaTeX2e <2014/05/01>
Babel <3.9k> and hyphenation patterns for 78 languages loaded.

(/usr/local/texlive/2014/texmf-dist/tex/latex/base/book.cls
Document Class: book 2007/10/19 v1.4h Standard LaTeX document class
(/usr/local/texlive/2014/texmf-dist/tex/latex/base/bk10.clo))
(/Library/Frameworks/R.framework/Resources/share/texmf/tex/latex/Rd.sty
(/usr/local/texlive/2014/texmf-dist/tex/latex/base/ifthen.sty)
(/usr/local/texlive/2014/texmf-dist/tex/latex/tools/longtable.sty)
(/usr/local/texlive/2014/texmf-dist/tex/latex/tools/bm.sty)
(/usr/local/texlive/2014/texmf-dist/tex/latex/base/alltt.sty)
(/usr/local/texlive/2014/texmf-dist/tex/latex/tools/verbatim.sty)
(/usr/local/texlive/2014/texmf-dist/tex/latex/url/url.sty)
(/usr/local/texlive/2014/texmf-dist/tex/latex/base/textcomp.sty
(/usr/local/texlive/2014/texmf-dist/tex/latex/base/ts1enc.def))
(/usr/local/texlive/2014/texmf-dist/tex/latex/base/fontenc.sty
(/usr/local/texlive/2014/texmf-dist/tex/latex/base/t1enc.def))
(/usr/local/texlive/2014/texmf-dist/tex/latex/psnfss/times.sty)
(/usr/local/texlive/2014/texmf-dist/tex/latex/inconsolata/zi4.sty
(/usr/local/texlive/2014/texmf-dist/tex/latex/graphics/keyval.sty))
(/usr/local/texlive/2014/texmf-dist/tex/latex/graphics/color.sty
(/usr/local/texlive/2014/texmf-dist/tex/latex/latexconfig/color.cfg)
(/usr/local/texlive/2014/texmf-dist/tex/latex/pdftex-def/pdftex.def
(/usr/local/texlive/2014/texmf-dist/tex/generic/oberdiek/infwarerr.sty)
(/usr/local/texlive/2014/texmf-dist/tex/generic/oberdiek/ltxcmds.sty)))
(/usr/local/texlive/2014/texmf-dist/tex/latex/hyperref/hyperref.sty
(/usr/local/texlive/2014/texmf-dist/tex/generic/oberdiek/hobsub-hyperref.sty
(/usr/local/texlive/2014/texmf-dist/tex/generic/oberdiek/hobsub-generic.sty))
(/usr/local/texlive/2014/texmf-dist/tex/generic/ifxetex/ifxetex.sty)
(/usr/local/texlive/2014/texmf-dist/tex/latex/oberdiek/auxhook.sty)
(/usr/local/texlive/2014/texmf-dist/tex/latex/oberdiek/kvoptions.sty)
(/usr/local/texlive/2014/texmf-dist/tex/latex/hyperref/pd1enc.def)
(/usr/local/texlive/2014/texmf-dist/tex/latex/latexconfig/hyperref.cfg))

Package hyperref Message: Driver (autodetected): hpdftex.

(/usr/local/texlive/2014/texmf-dist/tex/latex/hyperref/hpdftex.def
(/usr/local/texlive/2014/texmf-dist/tex/latex/oberdiek/rerunfilecheck.sty))

Package hyperref Warning: Option `hyperindex' has already been used,
(hyperref)                setting the option has no effect on input line 366.


Package hyperref Warning: Option `pagebackref' has already been used,
(hyperref)                setting the option has no effect on input line 366.

) (/usr/local/texlive/2014/texmf-dist/tex/latex/base/makeidx.sty)
(/usr/local/texlive/2014/texmf-dist/tex/latex/base/inputenc.sty
(/usr/local/texlive/2014/texmf-dist/tex/latex/base/latin1.def))
Writing index file Rd2.idx
(./Rd2.aux) (/usr/local/texlive/2014/texmf-dist/tex/latex/base/ts1cmr.fd)
(/usr/local/texlive/2014/texmf-dist/tex/latex/psnfss/t1ptm.fd)
(/usr/local/texlive/2014/texmf-dist/tex/context/base/supp-pdf.mkii
[Loading MPS to PDF converter (version 2006.09.02).]
) (/usr/local/texlive/2014/texmf-dist/tex/latex/hyperref/nameref.sty
(/usr/local/texlive/2014/texmf-dist/tex/generic/oberdiek/gettitlestring.sty))
(./Rd2.out) (./Rd2.out)
(/usr/local/texlive/2014/texmf-dist/tex/latex/inconsolata/t1zi4.fd)
(/usr/local/texlive/2014/texmf-dist/tex/latex/psnfss/t1phv.fd) (./Rd2.toc)
No file Rd2.ind.
[1{/usr/local/texlive/2014/texmf-var/fonts/map/pdftex/updmap/pdftex.map}]
(./Rd2.aux) ){/usr/local/texlive/2014/texmf-dist/fonts/enc/dvips/base/8r.enc}{/
usr/local/texlive/2014/texmf-dist/fonts/enc/dvips/inconsolata/i4-t1-0.enc}</usr
/local/texlive/2014/texmf-dist/fonts/type1/public/inconsolata/Inconsolata-zi4r.
pfb></usr/local/texlive/2014/texmf-dist/fonts/type1/urw/helvetic/uhvr8a.pfb></u
sr/local/texlive/2014/texmf-dist/fonts/type1/urw/times/utmb8a.pfb></usr/local/t
exlive/2014/texmf-dist/fonts/type1/urw/times/utmr8a.pfb>
Output written on Rd2.pdf (1 page, 34895 bytes).
Transcript written on Rd2.log.
Saving output to 'choleskyalgo1-manual.pdf' ...
Done
You may want to clean up by 'rm -rf /var/folders/bk/06mynftj18j7pqczhtp5xt3m0000gn/T//RtmpMrQpf1/Rd2pdf5626b88ffef'
